0 verbose cli /home/luis/.nvm/versions/node/v18.17.0/bin/node /home/luis/.nvm/versions/node/v18.17.0/bin/npm
1 info using npm@9.6.7
2 info using node@v18.17.0
3 timing npm:load:whichnode Completed in 1ms
4 timing config:load:defaults Completed in 1ms
5 timing config:load:file:/home/luis/.nvm/versions/node/v18.17.0/lib/node_modules/npm/npmrc Completed in 2ms
6 timing config:load:builtin Completed in 2ms
7 timing config:load:cli Completed in 2ms
8 timing config:load:env Completed in 0ms
9 timing config:load:file:/home/luis/Documents/eslint-test-smells/.npmrc Completed in 0ms
10 timing config:load:project Completed in 3ms
11 timing config:load:file:/home/luis/.npmrc Completed in 1ms
12 timing config:load:user Completed in 2ms
13 timing config:load:file:/home/luis/.nvm/versions/node/v18.17.0/etc/npmrc Completed in 0ms
14 timing config:load:global Completed in 0ms
15 timing config:load:setEnvs Completed in 1ms
16 timing config:load Completed in 11ms
17 timing npm:load:configload Completed in 11ms
18 timing npm:load:mkdirpcache Completed in 0ms
19 timing npm:load:mkdirplogs Completed in 0ms
20 verbose title npm login
21 verbose argv "login"
22 timing npm:load:setTitle Completed in 1ms
23 timing config:load:flatten Completed in 2ms
24 timing npm:load:display Completed in 3ms
25 verbose logfile logs-max:10 dir:/home/luis/Documents/eslint-test-smells/npm-cache/_logs/2024-07-29T00_44_50_937Z-
26 verbose logfile /home/luis/Documents/eslint-test-smells/npm-cache/_logs/2024-07-29T00_44_50_937Z-debug-0.log
27 timing npm:load:logFile Completed in 7ms
28 timing npm:load:timers Completed in 0ms
29 timing npm:load:configScope Completed in 0ms
30 timing npm:load Completed in 24ms
31 notice Log in on https://registry.npmjs.org/
32 verbose web login before first POST
33 silly logfile done cleaning log files
34 http fetch GET 200 https://registry.npmjs.org/npm 276ms (cache miss)
35 http fetch POST 200 https://registry.npmjs.org/-/v1/login 638ms
36 verbose web auth got response {
36 verbose web auth   loginUrl: 'https://www.npmjs.com/login?next=/login/cli/f6ed742d-d35d-4fce-81da-1cb5217b668c',
36 verbose web auth   doneUrl: 'https://registry.npmjs.org/-/v1/done?sessionId=f6ed742d-d35d-4fce-81da-1cb5217b668c'
36 verbose web auth }
37 verbose web auth opening url pair
38 http fetch GET 202 https://registry.npmjs.org/-/v1/done?sessionId=npm_*** 404ms
39 http fetch GET 202 https://registry.npmjs.org/-/v1/done?sessionId=npm_*** 479ms
40 http fetch GET 202 https://registry.npmjs.org/-/v1/done?sessionId=npm_*** 378ms
41 http fetch GET 202 https://registry.npmjs.org/-/v1/done?sessionId=npm_*** 378ms
42 http fetch GET 202 https://registry.npmjs.org/-/v1/done?sessionId=npm_*** 356ms
43 http fetch GET 202 https://registry.npmjs.org/-/v1/done?sessionId=npm_*** 398ms
44 http fetch GET 200 https://registry.npmjs.org/-/v1/done?sessionId=npm_*** 377ms
45 verbose web auth done-check finished
46 info login Logged in on https://registry.npmjs.org/.
47 timing command:login Completed in 21434ms
48 notice
48 notice New [31mmajor[39m version of npm available! [31m9.6.7[39m -> [32m10.8.2[39m
48 notice Changelog: [36mhttps://github.com/npm/cli/releases/tag/v10.8.2[39m
48 notice Run [32mnpm install -g npm@10.8.2[39m to update!
48 notice
49 verbose stack Error: EACCES: permission denied, open '/home/luis/.npmrc'
50 verbose cwd /home/luis/Documents/eslint-test-smells
51 verbose Linux 5.15.0-116-generic
52 verbose node v18.17.0
53 verbose npm  v9.6.7
54 error code EACCES
55 error syscall open
56 error path /home/luis/.npmrc
57 error errno -13
58 error [Error: EACCES: permission denied, open '/home/luis/.npmrc'] {
58 error   errno: -13,
58 error   code: 'EACCES',
58 error   syscall: 'open',
58 error   path: '/home/luis/.npmrc'
58 error }
59 error
59 error The operation was rejected by your operating system.
59 error It is likely you do not have the permissions to access this file as the current user
59 error
59 error If you believe this might be a permissions issue, please double-check the
59 error permissions of the file and its containing directories, or try running
59 error the command again as root/Administrator.
60 verbose exit -13
61 timing config:load:flatten Completed in 3ms
62 timing npm Completed in 21477ms
63 verbose code -13
64 error A complete log of this run can be found in: /home/luis/Documents/eslint-test-smells/npm-cache/_logs/2024-07-29T00_44_50_937Z-debug-0.log
