0 verbose cli /home/luis/.nvm/versions/node/v18.17.0/bin/node /home/luis/.nvm/versions/node/v18.17.0/bin/npm
1 info using npm@9.6.7
2 info using node@v18.17.0
3 timing npm:load:whichnode Completed in 1ms
4 timing config:load:defaults Completed in 1ms
5 timing config:load:file:/home/luis/.nvm/versions/node/v18.17.0/lib/node_modules/npm/npmrc Completed in 1ms
6 timing config:load:builtin Completed in 1ms
7 timing config:load:cli Completed in 3ms
8 timing config:load:env Completed in 0ms
9 timing config:load:project Completed in 2ms
10 timing config:load:file:/home/luis/.npmrc Completed in 1ms
11 timing config:load:user Completed in 1ms
12 timing config:load:file:/home/luis/.nvm/versions/node/v18.17.0/etc/npmrc Completed in 0ms
13 timing config:load:global Completed in 0ms
14 timing config:load:setEnvs Completed in 0ms
15 timing config:load Completed in 11ms
16 timing npm:load:configload Completed in 11ms
17 timing npm:load:mkdirpcache Completed in 1ms
18 timing npm:load:mkdirplogs Completed in 0ms
19 verbose title npm install npm@10.8.2
20 verbose argv "install" "--global" "npm@10.8.2"
21 timing npm:load:setTitle Completed in 1ms
22 timing config:load:flatten Completed in 2ms
23 timing npm:load:display Completed in 2ms
24 verbose logfile logs-max:10 dir:/home/luis/Documents/eslint-test-smells/npm-cache/_logs/2024-07-29T00_45_29_367Z-
25 verbose logfile /home/luis/Documents/eslint-test-smells/npm-cache/_logs/2024-07-29T00_45_29_367Z-debug-0.log
26 timing npm:load:logFile Completed in 8ms
27 timing npm:load:timers Completed in 0ms
28 timing npm:load:configScope Completed in 0ms
29 timing npm:load Completed in 24ms
30 timing config:load:flatten Completed in 1ms
31 silly logfile done cleaning log files
32 http fetch GET 200 https://registry.npmjs.org/npm 22ms (cache hit)
33 timing arborist:ctor Completed in 1ms
34 timing idealTree:init Completed in 4ms
35 timing idealTree:userRequests Completed in 1ms
36 silly idealTree buildDeps
37 silly fetch manifest npm@10.8.2
38 http fetch GET 200 https://registry.npmjs.org/npm 9ms (cache hit)
39 silly placeDep ROOT npm@10.8.2 OK for:  want: 10.8.2
40 timing idealTree:#root Completed in 30ms
41 timing idealTree:node_modules/npm Completed in 0ms
42 timing idealTree:buildDeps Completed in 30ms
43 timing idealTree:fixDepFlags Completed in 1ms
44 timing idealTree Completed in 37ms
45 timing reify:loadTrees Completed in 176ms
46 timing reify:diffTrees Completed in 4ms
47 silly reify mark retired [
47 silly reify   '/home/luis/.nvm/versions/node/v18.17.0/lib/node_modules/npm',
47 silly reify   '/home/luis/.nvm/versions/node/v18.17.0/bin/npm',
47 silly reify   '/home/luis/.nvm/versions/node/v18.17.0/bin/npx'
47 silly reify ]
48 silly reify moves {
48 silly reify   '/home/luis/.nvm/versions/node/v18.17.0/lib/node_modules/npm': '/home/luis/.nvm/versions/node/v18.17.0/lib/node_modules/.npm-VE7iCPLU',
48 silly reify   '/home/luis/.nvm/versions/node/v18.17.0/bin/npm': '/home/luis/.nvm/versions/node/v18.17.0/bin/.npm-PCVEZplY',
48 silly reify   '/home/luis/.nvm/versions/node/v18.17.0/bin/npx': '/home/luis/.nvm/versions/node/v18.17.0/bin/.npx-6ddkACyn'
48 silly reify }
49 timing reify:retireShallow Completed in 3ms
50 timing reify:createSparse Completed in 0ms
51 silly tarball no local data for npm@https://registry.npmjs.org/npm/-/npm-10.8.2.tgz. Extracting by manifest.
52 http fetch GET 200 https://registry.npmjs.org/npm/-/npm-10.8.2.tgz 857ms (cache miss)
53 timing reifyNode:node_modules/npm Completed in 862ms
54 timing arborist:ctor Completed in 0ms
55 timing reify:diffTrees Completed in 5ms
56 timing reify:loadBundles Completed in 988ms
57 timing reify:unpack Completed in 1ms
58 timing reify:unretire Completed in 1ms
59 timing build:queue Completed in 8ms
60 timing build:link:node_modules/npm/node_modules/@npmcli/arborist Completed in 3ms
61 timing build:link:node_modules/npm/node_modules/cross-spawn/node_modules/which Completed in 3ms
62 timing build:link:node_modules/npm/node_modules/@npmcli/installed-package-contents Completed in 3ms
63 timing build:link:node_modules/npm Completed in 4ms
64 timing build:link:node_modules/npm/node_modules/cssesc Completed in 3ms
65 timing build:link:node_modules/npm/node_modules/mkdirp Completed in 3ms
66 timing build:link:node_modules/npm/node_modules/nopt Completed in 3ms
67 timing build:link:node_modules/npm/node_modules/node-gyp Completed in 3ms
68 timing build:link:node_modules/npm/node_modules/glob Completed in 3ms
69 timing build:link:node_modules/npm/node_modules/pacote Completed in 3ms
70 timing build:link:node_modules/npm/node_modules/qrcode-terminal Completed in 3ms
71 timing build:link:node_modules/npm/node_modules/semver Completed in 3ms
72 timing build:link:node_modules/npm/node_modules/which Completed in 3ms
73 timing build:link Completed in 4ms
74 timing build:deps Completed in 12ms
75 timing build Completed in 12ms
76 timing reify:build Completed in 13ms
77 timing reify:trash Completed in 45ms
78 timing reify Completed in 1236ms
79 silly CHANGE node_modules/npm
80 silly REMOVE node_modules/npm/node_modules/@npmcli/move-file
81 silly REMOVE node_modules/npm/node_modules/@npmcli/disparity-colors
82 silly CHANGE node_modules/npm/node_modules/@tufjs/models
83 silly CHANGE node_modules/npm/node_modules/@tufjs/canonical-json
84 silly REMOVE node_modules/npm/node_modules/@tootallnate/once
85 silly CHANGE node_modules/npm/node_modules/@sigstore/protobuf-specs
86 silly CHANGE node_modules/npm/node_modules/@npmcli/run-script
87 silly CHANGE node_modules/npm/node_modules/@npmcli/query
88 silly CHANGE node_modules/npm/node_modules/@npmcli/promise-spawn
89 silly CHANGE node_modules/npm/node_modules/@npmcli/package-json
90 silly REMOVE node_modules/npm/node_modules/@colors/colors
91 silly CHANGE node_modules/npm/node_modules/@npmcli/metavuln-calculator
92 silly CHANGE node_modules/npm/node_modules/@isaacs/cliui/node_modules/strip-ansi
93 silly CHANGE node_modules/npm/node_modules/@npmcli/map-workspaces
94 silly CHANGE node_modules/npm/node_modules/@npmcli/installed-package-contents
95 silly CHANGE node_modules/npm/node_modules/@npmcli/git
96 silly CHANGE node_modules/npm/node_modules/@npmcli/fs
97 silly CHANGE node_modules/npm/node_modules/@npmcli/config
98 silly CHANGE node_modules/npm/node_modules/@npmcli/arborist
99 silly REMOVE node_modules/npm/node_modules/@gar/promisify
100 silly REMOVE node_modules/npm/node_modules/wrappy
101 silly CHANGE node_modules/npm/node_modules/wrap-ansi/node_modules/strip-ansi
102 silly REMOVE node_modules/npm/node_modules/wrap-ansi/node_modules/ansi-styles
103 silly REMOVE node_modules/npm/node_modules/rimraf
104 silly REMOVE node_modules/npm/node_modules/rimraf/node_modules/glob
105 silly REMOVE node_modules/npm/node_modules/rimraf/node_modules/minimatch
106 silly REMOVE node_modules/npm/node_modules/rimraf/node_modules/brace-expansion
107 silly REMOVE node_modules/npm/node_modules/wcwidth
108 silly REMOVE node_modules/npm/node_modules/wide-align
109 silly CHANGE node_modules/npm/node_modules/which
110 silly CHANGE node_modules/npm/node_modules/validate-npm-package-name
111 silly CHANGE node_modules/npm/node_modules/tuf-js
112 silly REMOVE node_modules/npm/node_modules/string_decoder
113 silly CHANGE node_modules/npm/node_modules/tar
114 silly CHANGE node_modules/npm/node_modules/supports-color
115 silly CHANGE node_modules/npm/node_modules/ssri
116 silly CHANGE node_modules/npm/node_modules/spdx-license-ids
117 silly CHANGE node_modules/npm/node_modules/spdx-expression-parse
118 silly CHANGE node_modules/npm/node_modules/spdx-exceptions
119 silly CHANGE node_modules/npm/node_modules/socks-proxy-agent
120 silly CHANGE node_modules/npm/node_modules/sigstore
121 silly CHANGE node_modules/npm/node_modules/socks
122 silly CHANGE node_modules/npm/node_modules/signal-exit
123 silly REMOVE node_modules/npm/node_modules/safe-buffer
124 silly CHANGE node_modules/npm/node_modules/qrcode-terminal
125 silly CHANGE node_modules/npm/node_modules/semver
126 silly REMOVE node_modules/npm/node_modules/semver/node_modules/lru-cache
127 silly REMOVE node_modules/npm/node_modules/set-blocking
128 silly REMOVE node_modules/npm/node_modules/once
129 silly REMOVE node_modules/npm/node_modules/readable-stream
130 silly REMOVE node_modules/npm/node_modules/read-package-json
131 silly CHANGE node_modules/npm/node_modules/read
132 silly CHANGE node_modules/npm/node_modules/promzard
133 silly REMOVE node_modules/npm/node_modules/path-is-absolute
134 silly CHANGE node_modules/npm/node_modules/promise-call-limit
135 silly CHANGE node_modules/npm/node_modules/proc-log
136 silly REMOVE node_modules/npm/node_modules/process
137 silly CHANGE node_modules/npm/node_modules/postcss-selector-parser
138 silly CHANGE node_modules/npm/node_modules/path-scurry
139 silly REMOVE node_modules/npm/node_modules/path-scurry/node_modules/lru-cache
140 silly CHANGE node_modules/npm/node_modules/pacote
141 silly REMOVE node_modules/npm/node_modules/npmlog
142 silly CHANGE node_modules/npm/node_modules/npm-install-checks
143 silly CHANGE node_modules/npm/node_modules/npm-profile
144 silly CHANGE node_modules/npm/node_modules/npm-user-validate
145 silly CHANGE node_modules/npm/node_modules/npm-registry-fetch
146 silly CHANGE node_modules/npm/node_modules/npm-pick-manifest
147 silly CHANGE node_modules/npm/node_modules/npm-packlist
148 silly CHANGE node_modules/npm/node_modules/npm-package-arg
149 silly CHANGE node_modules/npm/node_modules/normalize-package-data
150 silly CHANGE node_modules/npm/node_modules/npm-audit-report
151 silly CHANGE node_modules/npm/node_modules/npm-bundled
152 silly CHANGE node_modules/npm/node_modules/nopt
153 silly CHANGE node_modules/npm/node_modules/node-gyp
154 silly REMOVE node_modules/npm/node_modules/node-gyp/node_modules/unique-slug
155 silly REMOVE node_modules/npm/node_modules/node-gyp/node_modules/@npmcli/fs
156 silly REMOVE node_modules/npm/node_modules/node-gyp/node_modules/which
157 silly REMOVE node_modules/npm/node_modules/node-gyp/node_modules/unique-filename
158 silly REMOVE node_modules/npm/node_modules/node-gyp/node_modules/readable-stream
159 silly REMOVE node_modules/npm/node_modules/node-gyp/node_modules/ssri
160 silly REMOVE node_modules/npm/node_modules/node-gyp/node_modules/signal-exit
161 silly REMOVE node_modules/npm/node_modules/node-gyp/node_modules/npmlog
162 silly REMOVE node_modules/npm/node_modules/node-gyp/node_modules/minipass-fetch
163 silly REMOVE node_modules/npm/node_modules/node-gyp/node_modules/minimatch
164 silly REMOVE node_modules/npm/node_modules/node-gyp/node_modules/nopt
165 silly REMOVE node_modules/npm/node_modules/node-gyp/node_modules/minipass
166 silly REMOVE node_modules/npm/node_modules/node-gyp/node_modules/make-fetch-happen
167 silly REMOVE node_modules/npm/node_modules/node-gyp/node_modules/glob
168 silly REMOVE node_modules/npm/node_modules/node-gyp/node_modules/gauge
169 silly REMOVE node_modules/npm/node_modules/node-gyp/node_modules/fs-minipass
170 silly REMOVE node_modules/npm/node_modules/node-gyp/node_modules/cacache
171 silly REMOVE node_modules/npm/node_modules/node-gyp/node_modules/cacache/node_modules/minimatch
172 silly REMOVE node_modules/npm/node_modules/node-gyp/node_modules/cacache/node_modules/glob
173 silly REMOVE node_modules/npm/node_modules/node-gyp/node_modules/cacache/node_modules/brace-expansion
174 silly REMOVE node_modules/npm/node_modules/node-gyp/node_modules/brace-expansion
175 silly REMOVE node_modules/npm/node_modules/node-gyp/node_modules/are-we-there-yet
176 silly REMOVE node_modules/npm/node_modules/node-gyp/node_modules/abbrev
177 silly CHANGE node_modules/npm/node_modules/libnpmversion
178 silly CHANGE node_modules/npm/node_modules/mkdirp
179 silly REMOVE node_modules/npm/node_modules/minipass-json-stream
180 silly REMOVE node_modules/npm/node_modules/minipass-json-stream/node_modules/minipass
181 silly CHANGE node_modules/npm/node_modules/minipass-collect
182 silly REMOVE node_modules/npm/node_modules/minipass-collect/node_modules/minipass
183 silly CHANGE node_modules/npm/node_modules/minipass-fetch
184 silly CHANGE node_modules/npm/node_modules/minipass
185 silly CHANGE node_modules/npm/node_modules/libnpmteam
186 silly CHANGE node_modules/npm/node_modules/minimatch
187 silly CHANGE node_modules/npm/node_modules/make-fetch-happen
188 silly CHANGE node_modules/npm/node_modules/libnpmsearch
189 silly CHANGE node_modules/npm/node_modules/lru-cache
190 silly CHANGE node_modules/npm/node_modules/libnpmhook
191 silly CHANGE node_modules/npm/node_modules/libnpmpublish
192 silly CHANGE node_modules/npm/node_modules/libnpmdiff
193 silly CHANGE node_modules/npm/node_modules/libnpmpack
194 silly CHANGE node_modules/npm/node_modules/libnpmorg
195 silly CHANGE node_modules/npm/node_modules/libnpmaccess
196 silly CHANGE node_modules/npm/node_modules/libnpmexec
197 silly CHANGE node_modules/npm/node_modules/libnpmfund
198 silly CHANGE node_modules/npm/node_modules/jackspeak
199 silly CHANGE node_modules/npm/node_modules/is-cidr
200 silly CHANGE node_modules/npm/node_modules/ip-regex
201 silly CHANGE node_modules/npm/node_modules/json-parse-even-better-errors
202 silly CHANGE node_modules/npm/node_modules/init-package-json
203 silly REMOVE node_modules/npm/node_modules/is-core-module
204 silly REMOVE node_modules/npm/node_modules/ip
205 silly REMOVE node_modules/npm/node_modules/ieee754
206 silly REMOVE node_modules/npm/node_modules/inflight
207 silly REMOVE node_modules/npm/node_modules/inherits
208 silly CHANGE node_modules/npm/node_modules/ini
209 silly REMOVE node_modules/npm/node_modules/infer-owner
210 silly CHANGE node_modules/npm/node_modules/ignore-walk
211 silly REMOVE node_modules/npm/node_modules/events
212 silly CHANGE node_modules/npm/node_modules/http-proxy-agent
213 silly CHANGE node_modules/npm/node_modules/https-proxy-agent
214 silly REMOVE node_modules/npm/node_modules/humanize-ms
215 silly CHANGE node_modules/npm/node_modules/hosted-git-info
216 silly REMOVE node_modules/npm/node_modules/has-unicode
217 silly REMOVE node_modules/npm/node_modules/fs.realpath
218 silly REMOVE node_modules/npm/node_modules/has-flag
219 silly CHANGE node_modules/npm/node_modules/foreground-child
220 silly REMOVE node_modules/npm/node_modules/function-bind
221 silly REMOVE node_modules/npm/node_modules/has
222 silly CHANGE node_modules/npm/node_modules/glob
223 silly REMOVE node_modules/npm/node_modules/gauge
224 silly REMOVE node_modules/npm/node_modules/event-target-shim
225 silly CHANGE node_modules/npm/node_modules/fs-minipass
226 silly CHANGE node_modules/npm/node_modules/diff
227 silly REMOVE node_modules/npm/node_modules/depd
228 silly REMOVE node_modules/npm/node_modules/defaults
229 silly CHANGE node_modules/npm/node_modules/cross-spawn/node_modules/which
230 silly REMOVE node_modules/npm/node_modules/delegates
231 silly REMOVE node_modules/npm/node_modules/concat-map
232 silly CHANGE node_modules/npm/node_modules/cssesc
233 silly CHANGE node_modules/npm/node_modules/debug
234 silly REMOVE node_modules/npm/node_modules/columnify
235 silly REMOVE node_modules/npm/node_modules/console-control-strings
236 silly REMOVE node_modules/npm/node_modules/color-support
237 silly REMOVE node_modules/npm/node_modules/clone
238 silly REMOVE node_modules/npm/node_modules/cli-table3
239 silly CHANGE node_modules/npm/node_modules/cmd-shim
240 silly CHANGE node_modules/npm/node_modules/cidr-regex
241 silly CHANGE node_modules/npm/node_modules/ci-info
242 silly REMOVE node_modules/npm/node_modules/buffer
243 silly CHANGE node_modules/npm/node_modules/binary-extensions
244 silly CHANGE node_modules/npm/node_modules/chalk
245 silly CHANGE node_modules/npm/node_modules/cacache
246 silly REMOVE node_modules/npm/node_modules/base64-js
247 silly REMOVE node_modules/npm/node_modules/builtins
248 silly CHANGE node_modules/npm/node_modules/bin-links
249 silly REMOVE node_modules/npm/node_modules/are-we-there-yet
250 silly REMOVE node_modules/npm/node_modules/abort-controller
251 silly CHANGE node_modules/npm/node_modules/ansi-styles
252 silly REMOVE node_modules/npm/node_modules/agentkeepalive
253 silly CHANGE node_modules/npm/node_modules/agent-base
254 timing command:install Completed in 1293ms
255 verbose exit 0
256 timing npm Completed in 1450ms
257 info ok
